2023-08-24 19:55:24,001 INFO o.a.j.u.JMeterUtils: Setting Locale to en_EN
2023-08-24 19:55:24,036 INFO o.a.j.JMeter: Loading user properties from: /usr/local/Cellar/jmeter/5.6.2/libexec/bin/user.properties
2023-08-24 19:55:24,038 INFO o.a.j.JMeter: Loading system properties from: /usr/local/Cellar/jmeter/5.6.2/libexec/bin/system.properties
2023-08-24 19:55:24,045 INFO o.a.j.JMeter: Copyright (c) 1998-2023 The Apache Software Foundation
2023-08-24 19:55:24,046 INFO o.a.j.JMeter: Version 5.6.2
2023-08-24 19:55:24,046 INFO o.a.j.JMeter: java.version=17.0.8
2023-08-24 19:55:24,046 INFO o.a.j.JMeter: java.vm.name=OpenJDK 64-Bit Server VM
2023-08-24 19:55:24,046 INFO o.a.j.JMeter: os.name=Mac OS X
2023-08-24 19:55:24,046 INFO o.a.j.JMeter: os.arch=x86_64
2023-08-24 19:55:24,046 INFO o.a.j.JMeter: os.version=13.5.1
2023-08-24 19:55:24,046 INFO o.a.j.JMeter: file.encoding=UTF-8
2023-08-24 19:55:24,046 INFO o.a.j.JMeter: java.awt.headless=null
2023-08-24 19:55:24,046 INFO o.a.j.JMeter: Max memory     =1073741824
2023-08-24 19:55:24,046 INFO o.a.j.JMeter: Available Processors =12
2023-08-24 19:55:24,056 INFO o.a.j.JMeter: Default Locale=English (EN)
2023-08-24 19:55:24,057 INFO o.a.j.JMeter: JMeter  Locale=English (EN)
2023-08-24 19:55:24,057 INFO o.a.j.JMeter: JMeterHome=/usr/local/Cellar/jmeter/5.6.2/libexec
2023-08-24 19:55:24,057 INFO o.a.j.JMeter: user.dir  =/Users/rajkumar.tunuguntla/GitHub_Test/GitHub_Test1_Perfdevop3
2023-08-24 19:55:24,057 INFO o.a.j.JMeter: PWD       =/Users/rajkumar.tunuguntla/GitHub_Test/GitHub_Test1_Perfdevop3
2023-08-24 19:55:24,059 INFO o.a.j.JMeter: IP: 192.168.1.10 Name: MHYD0BC184B2 FullName: 192.168.1.10
2023-08-24 19:55:24,076 INFO o.a.j.JMeter: Loaded icon properties from org/apache/jmeter/images/icon.properties
2023-08-24 19:55:24,700 INFO o.a.j.JMeterGuiLauncher: Setting LAF to: com.github.weisj.darklaf.DarkLaf:com.github.weisj.darklaf.theme.IntelliJTheme
2023-08-24 19:55:26,422 INFO o.a.j.r.ClassFinder: Will scan jar /usr/local/Cellar/jmeter/5.6.2/libexec/lib/ext/jmeter-plugins-manager-1.9.jar with filter ExtendsClassFilter [parents=[interface org.apache.jmeter.gui.action.Command], inner=false, contains=null, notContains=null]. Consider exposing JMeter plugins via META-INF/services, and add JMeter-Skip-Class-Scanning=true manifest attribute so JMeter can skip classfile scanning
2023-08-24 19:55:26,512 INFO o.a.j.r.ClassFinder: Will scan jar /usr/local/Cellar/jmeter/5.6.2/libexec/lib/ext/jmeter-plugins-random-csv-data-set-0.8.jar with filter ExtendsClassFilter [parents=[interface org.apache.jmeter.gui.action.Command], inner=false, contains=null, notContains=null]. Consider exposing JMeter plugins via META-INF/services, and add JMeter-Skip-Class-Scanning=true manifest attribute so JMeter can skip classfile scanning
2023-08-24 19:55:26,583 INFO o.a.j.r.ClassFinder: Will scan jar /usr/local/Cellar/jmeter/5.6.2/libexec/lib/ext/jmeter-plugins-manager-1.9.jar with filter ExtendsClassFilter [parents=[interface org.apache.jmeter.gui.plugin.MenuCreator], inner=false, contains=null, notContains=null]. Consider exposing JMeter plugins via META-INF/services, and add JMeter-Skip-Class-Scanning=true manifest attribute so JMeter can skip classfile scanning
2023-08-24 19:55:26,585 INFO o.a.j.r.ClassFinder: Will scan jar /usr/local/Cellar/jmeter/5.6.2/libexec/lib/ext/jmeter-plugins-random-csv-data-set-0.8.jar with filter ExtendsClassFilter [parents=[interface org.apache.jmeter.gui.plugin.MenuCreator], inner=false, contains=null, notContains=null]. Consider exposing JMeter plugins via META-INF/services, and add JMeter-Skip-Class-Scanning=true manifest attribute so JMeter can skip classfile scanning
2023-08-24 19:55:26,682 INFO o.j.r.JARSourceHTTP: Requesting https://jmeter-plugins.org/repo/?installID=mac_os_x-b791fd8b2ee312cdff4da7d73eb1d9b6-gui
2023-08-24 19:55:29,515 INFO o.j.r.PluginManager: Plugins Status: [jpgc-plugins-manager=1.9, bzm-random-csv=0.8, jmeter-core=5.6.2, jmeter-ftp=5.6.2, jmeter-http=5.6.2, jmeter-jdbc=5.6.2, jmeter-jms=5.6.2, jmeter-junit=5.6.2, jmeter-java=5.6.2, jmeter-ldap=5.6.2, jmeter-mail=5.6.2, jmeter-mongodb=5.6.2, jmeter-native=5.6.2, jmeter-tcp=5.6.2, jmeter-components=5.6.2]
2023-08-24 19:55:29,529 INFO o.j.r.PluginManagerMenuItem: Plugins Manager has upgrades: [jpgc-plugins-manager]
2023-08-24 19:55:41,959 INFO o.a.j.s.FileServer: Default base='/Users/rajkumar.tunuguntla/GitHub_Test/GitHub_Test1_Perfdevop3'
2023-08-24 19:55:41,967 INFO o.a.j.g.a.Load: Loading file: /Users/rajkumar.tunuguntla/apache-jmeter-5.4/MyWorkspace/Devops-Script/WorkSpace/Devops_2.0_devopss1.jmx
2023-08-24 19:55:41,968 INFO o.a.j.s.FileServer: Set new base='/Users/rajkumar.tunuguntla/apache-jmeter-5.4/MyWorkspace/Devops-Script/WorkSpace'
2023-08-24 19:55:42,141 INFO o.a.j.s.SaveService: Testplan (JMX) version: 2.2. Testlog (JTL) version: 2.2
2023-08-24 19:55:42,147 INFO o.a.j.s.SaveService: Using SaveService properties version 5.0
2023-08-24 19:55:42,148 INFO o.a.j.s.SaveService: Using SaveService properties file encoding UTF-8
2023-08-24 19:55:42,149 INFO o.a.j.s.SaveService: Loading file: /Users/rajkumar.tunuguntla/apache-jmeter-5.4/MyWorkspace/Devops-Script/WorkSpace/Devops_2.0_devopss1.jmx
2023-08-24 19:55:42,373 INFO o.a.j.p.h.s.HTTPSamplerBase: Parser for text/html is org.apache.jmeter.protocol.http.parser.LagartoBasedHtmlParser
2023-08-24 19:55:42,373 INFO o.a.j.p.h.s.HTTPSamplerBase: Parser for application/xhtml+xml is org.apache.jmeter.protocol.http.parser.LagartoBasedHtmlParser
2023-08-24 19:55:42,373 INFO o.a.j.p.h.s.HTTPSamplerBase: Parser for application/xml is org.apache.jmeter.protocol.http.parser.LagartoBasedHtmlParser
2023-08-24 19:55:42,373 INFO o.a.j.p.h.s.HTTPSamplerBase: Parser for text/xml is org.apache.jmeter.protocol.http.parser.LagartoBasedHtmlParser
2023-08-24 19:55:42,373 INFO o.a.j.p.h.s.HTTPSamplerBase: Parser for text/vnd.wap.wml is org.apache.jmeter.protocol.http.parser.RegexpHTMLParser
2023-08-24 19:55:42,373 INFO o.a.j.p.h.s.HTTPSamplerBase: Parser for text/css is org.apache.jmeter.protocol.http.parser.CssParser
2023-08-24 19:55:44,014 INFO o.a.j.s.SampleResult: Note: Sample TimeStamps are START times
2023-08-24 19:55:44,014 INFO o.a.j.s.SampleResult: sampleresult.default.encoding is set to UTF-8
2023-08-24 19:55:44,014 INFO o.a.j.s.SampleResult: sampleresult.useNanoTime=true
2023-08-24 19:55:44,015 INFO o.a.j.s.SampleResult: sampleresult.nanoThreadSleep=5000
2023-08-24 19:55:44,158 INFO o.a.j.r.ClassFinder: Will scan jar /usr/local/Cellar/jmeter/5.6.2/libexec/lib/ext/jmeter-plugins-manager-1.9.jar with filter ExtendsClassFilter [parents=[interface org.apache.jmeter.visualizers.ResultRenderer], inner=false, contains=null, notContains=null]. Consider exposing JMeter plugins via META-INF/services, and add JMeter-Skip-Class-Scanning=true manifest attribute so JMeter can skip classfile scanning
2023-08-24 19:55:44,160 INFO o.a.j.r.ClassFinder: Will scan jar /usr/local/Cellar/jmeter/5.6.2/libexec/lib/ext/jmeter-plugins-random-csv-data-set-0.8.jar with filter ExtendsClassFilter [parents=[interface org.apache.jmeter.visualizers.ResultRenderer], inner=false, contains=null, notContains=null]. Consider exposing JMeter plugins via META-INF/services, and add JMeter-Skip-Class-Scanning=true manifest attribute so JMeter can skip classfile scanning
2023-08-24 19:55:44,174 INFO o.a.j.r.ClassFinder: Will scan jar /usr/local/Cellar/jmeter/5.6.2/libexec/lib/ext/jmeter-plugins-manager-1.9.jar with filter ExtendsClassFilter [parents=[interface org.apache.jmeter.visualizers.RequestView], inner=false, contains=null, notContains=null]. Consider exposing JMeter plugins via META-INF/services, and add JMeter-Skip-Class-Scanning=true manifest attribute so JMeter can skip classfile scanning
2023-08-24 19:55:44,176 INFO o.a.j.r.ClassFinder: Will scan jar /usr/local/Cellar/jmeter/5.6.2/libexec/lib/ext/jmeter-plugins-random-csv-data-set-0.8.jar with filter ExtendsClassFilter [parents=[interface org.apache.jmeter.visualizers.RequestView], inner=false, contains=null, notContains=null]. Consider exposing JMeter plugins via META-INF/services, and add JMeter-Skip-Class-Scanning=true manifest attribute so JMeter can skip classfile scanning
2023-08-24 19:55:44,214 INFO o.a.j.s.FileServer: Set new base='/Users/rajkumar.tunuguntla/apache-jmeter-5.4/MyWorkspace/Devops-Script/WorkSpace'
2023-08-24 20:00:08,004 INFO o.a.j.g.a.What: Log level set to INFO for org.apache.jmeter.protocol.http.sampler.HTTPSamplerProxy
2023-08-24 20:07:46,450 INFO o.a.j.e.StandardJMeterEngine: Running the test!
2023-08-24 20:07:46,451 INFO o.a.j.s.SampleEvent: List of sample_variables: []
2023-08-24 20:07:46,451 INFO o.a.j.s.SampleEvent: List of sample_variables: []
2023-08-24 20:07:46,451 INFO o.a.j.e.u.CompoundVariable: Note: Function class names must contain the string: '.functions.'
2023-08-24 20:07:46,452 INFO o.a.j.e.u.CompoundVariable: Note: Function class names must not contain the string: '.gui.'
2023-08-24 20:07:46,483 INFO o.a.j.r.ClassFinder: Will scan jar /usr/local/Cellar/jmeter/5.6.2/libexec/lib/ext/jmeter-plugins-manager-1.9.jar with filter ExtendsClassFilter [parents=[interface org.apache.jmeter.functions.Function], inner=false, contains=null, notContains=null]. Consider exposing JMeter plugins via META-INF/services, and add JMeter-Skip-Class-Scanning=true manifest attribute so JMeter can skip classfile scanning
2023-08-24 20:07:46,485 INFO o.a.j.r.ClassFinder: Will scan jar /usr/local/Cellar/jmeter/5.6.2/libexec/lib/ext/jmeter-plugins-random-csv-data-set-0.8.jar with filter ExtendsClassFilter [parents=[interface org.apache.jmeter.functions.Function], inner=false, contains=null, notContains=null]. Consider exposing JMeter plugins via META-INF/services, and add JMeter-Skip-Class-Scanning=true manifest attribute so JMeter can skip classfile scanning
2023-08-24 20:07:46,490 INFO c.b.c.RandomCSVReader: Start reading the file: /Users/rajkumar.tunuguntla/apache-jmeter-5.4/MyWorkspace/Devops-Script/WorkSpace/SN_Devops_Repository_GitlabSNC.csv
2023-08-24 20:07:46,673 INFO c.b.c.RandomCSVReader: Reading finished. Found 20160 records in your csv file
2023-08-24 20:07:46,675 INFO o.a.j.g.u.JMeterMenuBar: setRunning(true, *local*)
2023-08-24 20:07:46,744 INFO o.a.j.e.StandardJMeterEngine: Starting ThreadGroup: 1 : Gitlab
2023-08-24 20:07:46,744 INFO o.a.j.e.StandardJMeterEngine: Starting 1 threads for group Gitlab.
2023-08-24 20:07:46,744 INFO o.a.j.e.StandardJMeterEngine: Thread will start next loop on error
2023-08-24 20:07:46,744 INFO o.a.j.t.ThreadGroup: Starting thread group... number=1 threads=1 ramp-up=18 delayedStart=false
2023-08-24 20:07:46,746 INFO o.a.j.t.ThreadGroup: Started thread group number 1
2023-08-24 20:07:46,746 INFO o.a.j.e.StandardJMeterEngine: All thread groups have been started
2023-08-24 20:07:46,747 INFO o.a.j.t.JMeterThread: Thread started: Gitlab 1-1
2023-08-24 20:07:46,750 INFO o.a.j.s.FileServer: Stored: GitLab_Pipeline_Numbers.csv
2023-08-24 20:07:46,759 INFO o.a.j.s.FileServer: Stored: Participants.csv
2023-08-24 20:07:46,761 INFO o.a.j.s.FileServer: Stored: ADO_pipeline_steps.csv
2023-08-24 20:07:46,762 INFO o.a.j.s.FileServer: Stored: ADO_sn_devops_pipeline.csv
2023-08-24 20:07:47,803 INFO o.a.j.p.h.s.HTTPJavaImpl: Maximum connection retries = 0
2023-08-24 20:07:47,804 INFO o.a.j.u.JsseSSLManager: Using default SSL protocol: TLS
2023-08-24 20:07:47,804 INFO o.a.j.u.JsseSSLManager: SSL session context: per-thread
2023-08-24 20:07:47,814 INFO o.a.j.u.SSLManager: JmeterKeyStore Location:  type JKS
2023-08-24 20:07:47,815 INFO o.a.j.u.SSLManager: KeyStore created OK
2023-08-24 20:07:47,815 WARN o.a.j.u.SSLManager: Keystore file not found, loading empty keystore
2023-08-24 20:07:49,232 INFO o.a.j.e.J.JSR223 PostProcessor: >>>>>>>>>>>>679092672
2023-08-24 20:07:49,232 INFO o.a.j.e.J.JSR223 PostProcessor: >>>>>>>>>>>>679092673
2023-08-24 20:07:49,233 INFO o.a.j.e.J.JSR223 PostProcessor: >>>>>>>>>>>>679092674
2023-08-24 20:07:49,275 INFO o.a.j.t.JMeterThread: Thread is done: Gitlab 1-1
2023-08-24 20:07:49,275 INFO o.a.j.t.JMeterThread: Thread finished: Gitlab 1-1
2023-08-24 20:07:49,275 INFO o.a.j.e.StandardJMeterEngine: Notifying test listeners of end of test
2023-08-24 20:07:49,275 INFO o.a.j.s.FileServer: Close: ADO_pipeline_steps.csv
2023-08-24 20:07:49,276 INFO o.a.j.s.FileServer: Close: GitLab_Pipeline_Numbers.csv
2023-08-24 20:07:49,276 INFO o.a.j.s.FileServer: Close: Participants.csv
2023-08-24 20:07:49,276 INFO o.a.j.s.FileServer: Close: ADO_sn_devops_pipeline.csv
2023-08-24 20:07:49,278 INFO o.a.j.g.u.JMeterMenuBar: setRunning(false, *local*)
2023-09-05 17:49:48,527 INFO o.a.j.g.a.Load: Loading file: /Users/rajkumar.tunuguntla/apache-jmeter-5.4/MyWorkspace/Devops-Script/WorkSpace/Devops_2.0_devopss1.jmx
2023-09-05 17:49:48,549 INFO o.a.j.s.FileServer: Set new base='/Users/rajkumar.tunuguntla/apache-jmeter-5.4/MyWorkspace/Devops-Script/WorkSpace'
2023-09-05 17:49:48,549 INFO o.a.j.s.SaveService: Loading file: /Users/rajkumar.tunuguntla/apache-jmeter-5.4/MyWorkspace/Devops-Script/WorkSpace/Devops_2.0_devopss1.jmx
2023-09-05 17:49:50,417 INFO o.a.j.r.ClassFinder: Will scan jar /usr/local/Cellar/jmeter/5.6.2/libexec/lib/ext/jmeter-plugins-manager-1.9.jar with filter ExtendsClassFilter [parents=[interface org.apache.jmeter.visualizers.ResultRenderer], inner=false, contains=null, notContains=null]. Consider exposing JMeter plugins via META-INF/services, and add JMeter-Skip-Class-Scanning=true manifest attribute so JMeter can skip classfile scanning
2023-09-05 17:49:50,462 INFO o.a.j.r.ClassFinder: Will scan jar /usr/local/Cellar/jmeter/5.6.2/libexec/lib/ext/jmeter-plugins-random-csv-data-set-0.8.jar with filter ExtendsClassFilter [parents=[interface org.apache.jmeter.visualizers.ResultRenderer], inner=false, contains=null, notContains=null]. Consider exposing JMeter plugins via META-INF/services, and add JMeter-Skip-Class-Scanning=true manifest attribute so JMeter can skip classfile scanning
2023-09-05 17:49:50,491 INFO o.a.j.r.ClassFinder: Will scan jar /usr/local/Cellar/jmeter/5.6.2/libexec/lib/ext/jmeter-plugins-manager-1.9.jar with filter ExtendsClassFilter [parents=[interface org.apache.jmeter.visualizers.RequestView], inner=false, contains=null, notContains=null]. Consider exposing JMeter plugins via META-INF/services, and add JMeter-Skip-Class-Scanning=true manifest attribute so JMeter can skip classfile scanning
2023-09-05 17:49:50,493 INFO o.a.j.r.ClassFinder: Will scan jar /usr/local/Cellar/jmeter/5.6.2/libexec/lib/ext/jmeter-plugins-random-csv-data-set-0.8.jar with filter ExtendsClassFilter [parents=[interface org.apache.jmeter.visualizers.RequestView], inner=false, contains=null, notContains=null]. Consider exposing JMeter plugins via META-INF/services, and add JMeter-Skip-Class-Scanning=true manifest attribute so JMeter can skip classfile scanning
2023-09-05 17:49:50,556 INFO o.a.j.s.FileServer: Set new base='/Users/rajkumar.tunuguntla/apache-jmeter-5.4/MyWorkspace/Devops-Script/WorkSpace'
2023-09-05 17:49:58,290 INFO o.a.j.g.a.Load: Loading file: /Users/rajkumar.tunuguntla/apache-jmeter-5.4/MyWorkspace/Devops-Script/WorkSpace/Devops_2.0_PerfDevop3.jmx
2023-09-05 17:49:58,290 INFO o.a.j.s.FileServer: Set new base='/Users/rajkumar.tunuguntla/apache-jmeter-5.4/MyWorkspace/Devops-Script/WorkSpace'
2023-09-05 17:49:58,290 INFO o.a.j.s.SaveService: Loading file: /Users/rajkumar.tunuguntla/apache-jmeter-5.4/MyWorkspace/Devops-Script/WorkSpace/Devops_2.0_PerfDevop3.jmx
2023-09-05 17:49:59,174 INFO o.a.j.r.ClassFinder: Will scan jar /usr/local/Cellar/jmeter/5.6.2/libexec/lib/ext/jmeter-plugins-manager-1.9.jar with filter ExtendsClassFilter [parents=[interface org.apache.jmeter.visualizers.ResultRenderer], inner=false, contains=null, notContains=null]. Consider exposing JMeter plugins via META-INF/services, and add JMeter-Skip-Class-Scanning=true manifest attribute so JMeter can skip classfile scanning
2023-09-05 17:49:59,175 INFO o.a.j.r.ClassFinder: Will scan jar /usr/local/Cellar/jmeter/5.6.2/libexec/lib/ext/jmeter-plugins-random-csv-data-set-0.8.jar with filter ExtendsClassFilter [parents=[interface org.apache.jmeter.visualizers.ResultRenderer], inner=false, contains=null, notContains=null]. Consider exposing JMeter plugins via META-INF/services, and add JMeter-Skip-Class-Scanning=true manifest attribute so JMeter can skip classfile scanning
2023-09-05 17:49:59,183 INFO o.a.j.r.ClassFinder: Will scan jar /usr/local/Cellar/jmeter/5.6.2/libexec/lib/ext/jmeter-plugins-manager-1.9.jar with filter ExtendsClassFilter [parents=[interface org.apache.jmeter.visualizers.RequestView], inner=false, contains=null, notContains=null]. Consider exposing JMeter plugins via META-INF/services, and add JMeter-Skip-Class-Scanning=true manifest attribute so JMeter can skip classfile scanning
2023-09-05 17:49:59,184 INFO o.a.j.r.ClassFinder: Will scan jar /usr/local/Cellar/jmeter/5.6.2/libexec/lib/ext/jmeter-plugins-random-csv-data-set-0.8.jar with filter ExtendsClassFilter [parents=[interface org.apache.jmeter.visualizers.RequestView], inner=false, contains=null, notContains=null]. Consider exposing JMeter plugins via META-INF/services, and add JMeter-Skip-Class-Scanning=true manifest attribute so JMeter can skip classfile scanning
2023-09-05 17:49:59,228 INFO o.a.j.s.FileServer: Set new base='/Users/rajkumar.tunuguntla/apache-jmeter-5.4/MyWorkspace/Devops-Script/WorkSpace'
2023-09-05 17:50:03,625 INFO o.a.j.g.a.Load: Loading file: /Users/rajkumar.tunuguntla/apache-jmeter-5.4/MyWorkspace/Devops-Script/WorkSpace/Devops_2.0_devopss1.jmx
2023-09-05 17:50:03,625 INFO o.a.j.s.FileServer: Set new base='/Users/rajkumar.tunuguntla/apache-jmeter-5.4/MyWorkspace/Devops-Script/WorkSpace'
2023-09-05 17:50:03,625 INFO o.a.j.s.SaveService: Loading file: /Users/rajkumar.tunuguntla/apache-jmeter-5.4/MyWorkspace/Devops-Script/WorkSpace/Devops_2.0_devopss1.jmx
2023-09-05 17:50:04,623 INFO o.a.j.r.ClassFinder: Will scan jar /usr/local/Cellar/jmeter/5.6.2/libexec/lib/ext/jmeter-plugins-manager-1.9.jar with filter ExtendsClassFilter [parents=[interface org.apache.jmeter.visualizers.ResultRenderer], inner=false, contains=null, notContains=null]. Consider exposing JMeter plugins via META-INF/services, and add JMeter-Skip-Class-Scanning=true manifest attribute so JMeter can skip classfile scanning
2023-09-05 17:50:04,625 INFO o.a.j.r.ClassFinder: Will scan jar /usr/local/Cellar/jmeter/5.6.2/libexec/lib/ext/jmeter-plugins-random-csv-data-set-0.8.jar with filter ExtendsClassFilter [parents=[interface org.apache.jmeter.visualizers.ResultRenderer], inner=false, contains=null, notContains=null]. Consider exposing JMeter plugins via META-INF/services, and add JMeter-Skip-Class-Scanning=true manifest attribute so JMeter can skip classfile scanning
2023-09-05 17:50:04,633 INFO o.a.j.r.ClassFinder: Will scan jar /usr/local/Cellar/jmeter/5.6.2/libexec/lib/ext/jmeter-plugins-manager-1.9.jar with filter ExtendsClassFilter [parents=[interface org.apache.jmeter.visualizers.RequestView], inner=false, contains=null, notContains=null]. Consider exposing JMeter plugins via META-INF/services, and add JMeter-Skip-Class-Scanning=true manifest attribute so JMeter can skip classfile scanning
2023-09-05 17:50:04,634 INFO o.a.j.r.ClassFinder: Will scan jar /usr/local/Cellar/jmeter/5.6.2/libexec/lib/ext/jmeter-plugins-random-csv-data-set-0.8.jar with filter ExtendsClassFilter [parents=[interface org.apache.jmeter.visualizers.RequestView], inner=false, contains=null, notContains=null]. Consider exposing JMeter plugins via META-INF/services, and add JMeter-Skip-Class-Scanning=true manifest attribute so JMeter can skip classfile scanning
2023-09-05 17:50:04,664 INFO o.a.j.s.FileServer: Set new base='/Users/rajkumar.tunuguntla/apache-jmeter-5.4/MyWorkspace/Devops-Script/WorkSpace'
2023-09-05 17:51:54,740 INFO o.a.j.e.StandardJMeterEngine: Running the test!
2023-09-05 17:51:54,741 INFO o.a.j.s.SampleEvent: List of sample_variables: []
2023-09-05 17:51:54,776 INFO c.b.c.RandomCSVReader: Start reading the file: /Users/rajkumar.tunuguntla/apache-jmeter-5.4/MyWorkspace/Devops-Script/WorkSpace/SN_Devops_Repository_GitlabSNC.csv
2023-09-05 17:51:54,971 INFO c.b.c.RandomCSVReader: Reading finished. Found 20160 records in your csv file
2023-09-05 17:51:54,973 INFO c.b.c.RandomCSVReader: Start reading the file: /Users/rajkumar.tunuguntla/apache-jmeter-5.4/MyWorkspace/Devops-Script/WorkSpace/sn_devops_pipeline.csv
2023-09-05 17:51:54,991 INFO c.b.c.RandomCSVReader: Reading finished. Found 651 records in your csv file
2023-09-05 17:51:54,991 INFO c.b.c.RandomCSVReader: Start reading the file: /Users/rajkumar.tunuguntla/apache-jmeter-5.4/MyWorkspace/Devops-Script/WorkSpace/SN_Devops_Repository_GitlabSNC.csv
2023-09-05 17:51:55,163 INFO c.b.c.RandomCSVReader: Reading finished. Found 20160 records in your csv file
2023-09-05 17:51:55,164 INFO c.b.c.RandomCSVReader: Start reading the file: /Users/rajkumar.tunuguntla/apache-jmeter-5.4/MyWorkspace/Devops-Script/WorkSpace/SN_Devops_Repository_GitlabSNC.csv
2023-09-05 17:51:55,287 INFO c.b.c.RandomCSVReader: Reading finished. Found 20160 records in your csv file
2023-09-05 17:51:55,288 INFO c.b.c.RandomCSVReader: Start reading the file: /Users/rajkumar.tunuguntla/apache-jmeter-5.4/MyWorkspace/Devops-Script/WorkSpace/SN_Devops_Repository_GitlabSNC.csv
2023-09-05 17:51:55,408 INFO c.b.c.RandomCSVReader: Reading finished. Found 20160 records in your csv file
2023-09-05 17:51:55,410 INFO o.a.j.g.u.JMeterMenuBar: setRunning(true, *local*)
2023-09-05 17:51:56,067 INFO o.a.j.e.StandardJMeterEngine: Starting ThreadGroup: 1 : Jira
2023-09-05 17:51:56,067 INFO o.a.j.e.StandardJMeterEngine: Starting 1 threads for group Jira.
2023-09-05 17:51:56,067 INFO o.a.j.e.StandardJMeterEngine: Thread will start next loop on error
2023-09-05 17:51:56,067 INFO o.a.j.t.ThreadGroup: Starting thread group... number=1 threads=1 ramp-up=18 delayedStart=false
2023-09-05 17:51:56,068 INFO o.a.j.t.ThreadGroup: Started thread group number 1
2023-09-05 17:51:56,069 INFO o.a.j.e.StandardJMeterEngine: Starting ThreadGroup: 2 : Github
2023-09-05 17:51:56,069 INFO o.a.j.e.StandardJMeterEngine: Starting 1 threads for group Github.
2023-09-05 17:51:56,069 INFO o.a.j.e.StandardJMeterEngine: Thread will start next loop on error
2023-09-05 17:51:56,069 INFO o.a.j.t.ThreadGroup: Starting thread group... number=2 threads=1 ramp-up=18 delayedStart=false
2023-09-05 17:51:56,069 INFO o.a.j.t.JMeterThread: Thread started: Jira 1-1
2023-09-05 17:51:56,069 INFO o.a.j.t.ThreadGroup: Started thread group number 2
2023-09-05 17:51:56,069 INFO o.a.j.e.StandardJMeterEngine: Starting ThreadGroup: 3 : ADO
2023-09-05 17:51:56,070 INFO o.a.j.e.StandardJMeterEngine: Starting 1 threads for group ADO.
2023-09-05 17:51:56,070 INFO o.a.j.e.StandardJMeterEngine: Thread will start next loop on error
2023-09-05 17:51:56,070 INFO o.a.j.t.ThreadGroup: Starting thread group... number=3 threads=1 ramp-up=18 delayedStart=false
2023-09-05 17:51:56,070 INFO o.a.j.t.JMeterThread: Thread started: Github 2-1
2023-09-05 17:51:56,070 INFO o.a.j.s.FileServer: Stored: GithubRepositories.csv
2023-09-05 17:51:56,072 INFO o.a.j.s.FileServer: Stored: Participants.csv
2023-09-05 17:51:56,074 INFO o.a.j.t.ThreadGroup: Started thread group number 3
2023-09-05 17:51:56,074 INFO o.a.j.e.StandardJMeterEngine: Starting ThreadGroup: 4 : Jenkins
2023-09-05 17:51:56,074 INFO o.a.j.e.StandardJMeterEngine: Starting 1 threads for group Jenkins.
2023-09-05 17:51:56,074 INFO o.a.j.e.StandardJMeterEngine: Thread will start next loop on error
2023-09-05 17:51:56,074 INFO o.a.j.t.ThreadGroup: Starting thread group... number=4 threads=1 ramp-up=18 delayedStart=false
2023-09-05 17:51:56,075 INFO o.a.j.t.ThreadGroup: Started thread group number 4
2023-09-05 17:51:56,075 INFO o.a.j.e.StandardJMeterEngine: Starting ThreadGroup: 5 : BitBucket
2023-09-05 17:51:56,075 INFO o.a.j.e.StandardJMeterEngine: Starting 1 threads for group BitBucket.
2023-09-05 17:51:56,075 INFO o.a.j.e.StandardJMeterEngine: Thread will start next loop on error
2023-09-05 17:51:56,075 INFO o.a.j.t.ThreadGroup: Starting thread group... number=5 threads=1 ramp-up=18 delayedStart=false
2023-09-05 17:51:56,076 INFO o.a.j.t.ThreadGroup: Started thread group number 5
2023-09-05 17:51:56,076 INFO o.a.j.e.StandardJMeterEngine: Starting ThreadGroup: 6 : TableAPI
2023-09-05 17:51:56,076 INFO o.a.j.e.StandardJMeterEngine: Starting 1 threads for group TableAPI.
2023-09-05 17:51:56,076 INFO o.a.j.e.StandardJMeterEngine: Thread will start next loop on error
2023-09-05 17:51:56,076 INFO o.a.j.t.ThreadGroup: Starting thread group... number=6 threads=1 ramp-up=18 delayedStart=false
2023-09-05 17:51:56,076 INFO o.a.j.t.JMeterThread: Thread started: BitBucket 5-1
2023-09-05 17:51:56,076 INFO o.a.j.t.ThreadGroup: Started thread group number 6
2023-09-05 17:51:56,077 INFO o.a.j.e.StandardJMeterEngine: All thread groups have been started
2023-09-05 17:51:56,078 INFO o.a.j.t.JMeterThread: Thread started: ADO 3-1
2023-09-05 17:51:56,079 INFO o.a.j.t.JMeterThread: Thread started: Jenkins 4-1
2023-09-05 17:51:56,079 INFO o.a.j.t.JMeterThread: Thread started: TableAPI 6-1
2023-09-05 17:51:56,088 INFO o.a.j.s.FileServer: Stored: Sonar_scanID.csv
2023-09-05 17:51:56,089 INFO o.a.j.s.FileServer: Stored: ADO_Commit.csv
2023-09-05 17:51:56,090 INFO o.a.j.s.FileServer: Stored: ADO_pipeline_steps.csv
2023-09-05 17:51:56,091 INFO o.a.j.s.FileServer: Stored: ADO_sn_devops_pipeline.csv
2023-09-05 17:51:56,092 INFO o.a.j.s.FileServer: Stored: pipeline_steps.csv
2023-09-05 17:51:56,092 WARN o.a.j.p.h.s.HTTPSamplerBase: Existing AuthManager HTTP Authorization Manager superseded by HTTP Authorization Manager
2023-09-05 17:51:57,976 ERROR o.a.j.p.h.s.HTTPJavaImpl: readResponse: java.io.IOException: Server returned HTTP response code: 401 for URL: https://devopss1.service-now.com/api/sn_devops/v2/devops/tool/code?toolId=b284c4341bfbe110a09464a5ec4bcbcf
2023-09-05 17:51:57,976 ERROR o.a.j.p.h.s.HTTPJavaImpl: Cause: java.io.IOException: Server returned HTTP response code: 401 for URL: https://devopss1.service-now.com/api/sn_devops/v2/devops/tool/code?toolId=b284c4341bfbe110a09464a5ec4bcbcf
2023-09-05 17:51:57,976 INFO o.a.j.p.h.s.HTTPJavaImpl: Error Response Code: 401
2023-09-05 17:51:59,391 ERROR o.a.j.p.h.s.HTTPJavaImpl: readResponse: java.io.IOException: Server returned HTTP response code: 401 for URL: https://devopss1.service-now.com/api/sn_devops/v2/devops/tool/code?toolId=b284c4341bfbe110a09464a5ec4bcbcf
2023-09-05 17:51:59,391 ERROR o.a.j.p.h.s.HTTPJavaImpl: Cause: java.io.IOException: Server returned HTTP response code: 401 for URL: https://devopss1.service-now.com/api/sn_devops/v2/devops/tool/code?toolId=b284c4341bfbe110a09464a5ec4bcbcf
2023-09-05 17:51:59,391 INFO o.a.j.p.h.s.HTTPJavaImpl: Error Response Code: 401
2023-09-05 17:51:59,393 INFO o.a.j.t.JMeterThread: Thread is done: Github 2-1
2023-09-05 17:51:59,412 INFO o.a.j.t.JMeterThread: Thread finished: Github 2-1
2023-09-05 17:52:04,989 INFO o.a.j.g.a.Start: Shutting test down
2023-09-05 17:52:05,011 INFO o.a.j.t.JMeterThread: Stopping: Jira 1-1
2023-09-05 17:52:05,011 INFO o.a.j.t.JMeterThread: Stopping: ADO 3-1
2023-09-05 17:52:05,011 INFO o.a.j.t.JMeterThread: Stopping: Jenkins 4-1
2023-09-05 17:52:05,011 INFO o.a.j.t.JMeterThread: Stopping: BitBucket 5-1
2023-09-05 17:52:05,011 INFO o.a.j.t.JMeterThread: Stopping: TableAPI 6-1
2023-09-05 17:52:21,093 INFO o.a.j.t.JMeterThread: Thread finished: Jira 1-1
2023-09-05 17:52:22,120 INFO o.a.j.t.JMeterThread: Thread finished: ADO 3-1
2023-09-05 17:52:32,848 INFO o.a.j.t.JMeterThread: Thread is done: TableAPI 6-1
2023-09-05 17:52:32,848 INFO o.a.j.t.JMeterThread: Thread finished: TableAPI 6-1
2023-09-05 17:52:41,015 INFO o.a.j.t.JMeterThread: Thread finished: Jenkins 4-1
2023-09-05 17:52:54,812 INFO o.a.j.t.JMeterThread: Thread finished: BitBucket 5-1
2023-09-05 17:52:54,813 INFO o.a.j.e.StandardJMeterEngine: Notifying test listeners of end of test
2023-09-05 17:52:54,813 INFO o.a.j.s.FileServer: Close: ADO_Commit.csv
2023-09-05 17:52:54,813 INFO o.a.j.s.FileServer: Close: ADO_pipeline_steps.csv
2023-09-05 17:52:54,813 INFO o.a.j.s.FileServer: Close: pipeline_steps.csv
2023-09-05 17:52:54,814 INFO o.a.j.s.FileServer: Close: Sonar_scanID.csv
2023-09-05 17:52:54,814 INFO o.a.j.s.FileServer: Close: Participants.csv
2023-09-05 17:52:54,814 INFO o.a.j.s.FileServer: Close: ADO_sn_devops_pipeline.csv
2023-09-05 17:52:54,814 INFO o.a.j.s.FileServer: Close: GithubRepositories.csv
2023-09-05 17:52:54,815 INFO o.a.j.g.u.JMeterMenuBar: setRunning(false, *local*)
2023-09-05 17:53:07,527 INFO o.a.j.e.StandardJMeterEngine: Running the test!
2023-09-05 17:53:07,527 INFO o.a.j.s.SampleEvent: List of sample_variables: []
2023-09-05 17:53:07,549 INFO c.b.c.RandomCSVReader: Start reading the file: /Users/rajkumar.tunuguntla/apache-jmeter-5.4/MyWorkspace/Devops-Script/WorkSpace/SN_Devops_Repository_GitlabSNC.csv
2023-09-05 17:53:07,671 INFO c.b.c.RandomCSVReader: Reading finished. Found 20160 records in your csv file
2023-09-05 17:53:07,672 INFO c.b.c.RandomCSVReader: Start reading the file: /Users/rajkumar.tunuguntla/apache-jmeter-5.4/MyWorkspace/Devops-Script/WorkSpace/SN_Devops_Repository_GitlabSNC.csv
2023-09-05 17:53:07,825 INFO c.b.c.RandomCSVReader: Reading finished. Found 20160 records in your csv file
2023-09-05 17:53:07,826 INFO c.b.c.RandomCSVReader: Start reading the file: /Users/rajkumar.tunuguntla/apache-jmeter-5.4/MyWorkspace/Devops-Script/WorkSpace/sn_devops_pipeline.csv
2023-09-05 17:53:07,831 INFO c.b.c.RandomCSVReader: Reading finished. Found 651 records in your csv file
2023-09-05 17:53:07,831 INFO c.b.c.RandomCSVReader: Start reading the file: /Users/rajkumar.tunuguntla/apache-jmeter-5.4/MyWorkspace/Devops-Script/WorkSpace/SN_Devops_Repository_GitlabSNC.csv
2023-09-05 17:53:08,050 INFO c.b.c.RandomCSVReader: Reading finished. Found 20160 records in your csv file
2023-09-05 17:53:08,051 INFO c.b.c.RandomCSVReader: Start reading the file: /Users/rajkumar.tunuguntla/apache-jmeter-5.4/MyWorkspace/Devops-Script/WorkSpace/SN_Devops_Repository_GitlabSNC.csv
2023-09-05 17:53:08,160 INFO c.b.c.RandomCSVReader: Reading finished. Found 20160 records in your csv file
2023-09-05 17:53:08,161 INFO c.b.c.RandomCSVReader: Start reading the file: /Users/rajkumar.tunuguntla/apache-jmeter-5.4/MyWorkspace/Devops-Script/WorkSpace/SN_Devops_Repository_GitlabSNC.csv
2023-09-05 17:53:08,270 INFO c.b.c.RandomCSVReader: Reading finished. Found 20160 records in your csv file
2023-09-05 17:53:08,271 INFO o.a.j.g.u.JMeterMenuBar: setRunning(true, *local*)
2023-09-05 17:53:08,346 INFO o.a.j.e.StandardJMeterEngine: Starting ThreadGroup: 1 : Jira
2023-09-05 17:53:08,346 INFO o.a.j.e.StandardJMeterEngine: Starting 1 threads for group Jira.
2023-09-05 17:53:08,346 INFO o.a.j.e.StandardJMeterEngine: Thread will start next loop on error
2023-09-05 17:53:08,346 INFO o.a.j.t.ThreadGroup: Starting thread group... number=1 threads=1 ramp-up=18 delayedStart=false
2023-09-05 17:53:08,346 INFO o.a.j.t.ThreadGroup: Started thread group number 1
2023-09-05 17:53:08,346 INFO o.a.j.e.StandardJMeterEngine: Starting ThreadGroup: 2 : Gitlab
2023-09-05 17:53:08,347 INFO o.a.j.e.StandardJMeterEngine: Starting 1 threads for group Gitlab.
2023-09-05 17:53:08,347 INFO o.a.j.e.StandardJMeterEngine: Thread will start next loop on error
2023-09-05 17:53:08,347 INFO o.a.j.t.ThreadGroup: Starting thread group... number=2 threads=1 ramp-up=18 delayedStart=false
2023-09-05 17:53:08,347 INFO o.a.j.t.JMeterThread: Thread started: Jira 1-1
2023-09-05 17:53:08,347 INFO o.a.j.t.ThreadGroup: Started thread group number 2
2023-09-05 17:53:08,347 INFO o.a.j.e.StandardJMeterEngine: Starting ThreadGroup: 3 : ADO
2023-09-05 17:53:08,347 INFO o.a.j.e.StandardJMeterEngine: Starting 1 threads for group ADO.
2023-09-05 17:53:08,347 INFO o.a.j.e.StandardJMeterEngine: Thread will start next loop on error
2023-09-05 17:53:08,347 INFO o.a.j.t.ThreadGroup: Starting thread group... number=3 threads=1 ramp-up=18 delayedStart=false
2023-09-05 17:53:08,347 INFO o.a.j.t.JMeterThread: Thread started: Gitlab 2-1
2023-09-05 17:53:08,348 INFO o.a.j.s.FileServer: Stored: GitLab_Pipeline_Numbers.csv
2023-09-05 17:53:08,350 INFO o.a.j.s.FileServer: Stored: Participants.csv
2023-09-05 17:53:08,351 INFO o.a.j.s.FileServer: Stored: ADO_pipeline_steps.csv
2023-09-05 17:53:08,351 INFO o.a.j.s.FileServer: Stored: ADO_sn_devops_pipeline.csv
2023-09-05 17:53:08,353 INFO o.a.j.t.ThreadGroup: Started thread group number 3
2023-09-05 17:53:08,353 INFO o.a.j.e.StandardJMeterEngine: Starting ThreadGroup: 4 : Jenkins
2023-09-05 17:53:08,353 INFO o.a.j.e.StandardJMeterEngine: Starting 1 threads for group Jenkins.
2023-09-05 17:53:08,354 INFO o.a.j.e.StandardJMeterEngine: Thread will start next loop on error
2023-09-05 17:53:08,354 INFO o.a.j.t.ThreadGroup: Starting thread group... number=4 threads=1 ramp-up=18 delayedStart=false
2023-09-05 17:53:08,355 INFO o.a.j.t.ThreadGroup: Started thread group number 4
2023-09-05 17:53:08,355 INFO o.a.j.e.StandardJMeterEngine: Starting ThreadGroup: 5 : BitBucket
2023-09-05 17:53:08,355 INFO o.a.j.e.StandardJMeterEngine: Starting 1 threads for group BitBucket.
2023-09-05 17:53:08,355 INFO o.a.j.e.StandardJMeterEngine: Thread will start next loop on error
2023-09-05 17:53:08,355 INFO o.a.j.t.ThreadGroup: Starting thread group... number=5 threads=1 ramp-up=18 delayedStart=false
2023-09-05 17:53:08,355 INFO o.a.j.t.ThreadGroup: Started thread group number 5
2023-09-05 17:53:08,355 INFO o.a.j.e.StandardJMeterEngine: Starting ThreadGroup: 6 : TableAPI
2023-09-05 17:53:08,356 INFO o.a.j.e.StandardJMeterEngine: Starting 1 threads for group TableAPI.
2023-09-05 17:53:08,356 INFO o.a.j.e.StandardJMeterEngine: Thread will start next loop on error
2023-09-05 17:53:08,356 INFO o.a.j.t.ThreadGroup: Starting thread group... number=6 threads=1 ramp-up=18 delayedStart=false
2023-09-05 17:53:08,356 INFO o.a.j.t.JMeterThread: Thread started: BitBucket 5-1
2023-09-05 17:53:08,356 INFO o.a.j.t.ThreadGroup: Started thread group number 6
2023-09-05 17:53:08,356 INFO o.a.j.e.StandardJMeterEngine: All thread groups have been started
2023-09-05 17:53:08,356 INFO o.a.j.t.JMeterThread: Thread started: TableAPI 6-1
2023-09-05 17:53:08,357 INFO o.a.j.t.JMeterThread: Thread started: ADO 3-1
2023-09-05 17:53:08,357 WARN o.a.j.p.h.s.HTTPSamplerBase: Existing AuthManager HTTP Authorization Manager superseded by HTTP Authorization Manager
2023-09-05 17:53:08,357 INFO o.a.j.s.FileServer: Stored: ADO_Commit.csv
2023-09-05 17:53:08,359 INFO o.a.j.t.JMeterThread: Thread started: Jenkins 4-1
2023-09-05 17:53:08,360 INFO o.a.j.s.FileServer: Stored: Sonar_scanID.csv
2023-09-05 17:53:08,360 INFO o.a.j.s.FileServer: Stored: pipeline_steps.csv
2023-09-05 17:53:11,017 INFO o.a.j.e.J.JSR223 PostProcessor: >>>>>>>>>>>>771711146
2023-09-05 17:53:11,017 INFO o.a.j.e.J.JSR223 PostProcessor: >>>>>>>>>>>>771711147
2023-09-05 17:53:11,018 INFO o.a.j.e.J.JSR223 PostProcessor: >>>>>>>>>>>>771711148
2023-09-05 17:53:11,019 INFO o.a.j.t.JMeterThread: Thread is done: Gitlab 2-1
2023-09-05 17:53:11,019 INFO o.a.j.t.JMeterThread: Thread finished: Gitlab 2-1
2023-09-05 17:54:12,191 INFO o.a.j.t.JMeterThread: Thread is done: BitBucket 5-1
2023-09-05 17:54:12,192 INFO o.a.j.t.JMeterThread: Thread finished: BitBucket 5-1
2023-09-05 17:54:15,591 INFO o.a.j.t.JMeterThread: Thread is done: Jira 1-1
2023-09-05 17:54:15,591 INFO o.a.j.t.JMeterThread: Thread finished: Jira 1-1
2023-09-05 17:54:23,140 ERROR o.a.j.u.BeanShellInterpreter: Error invoking bsh method: eval	Sourced file: inline evaluation of: ``int i = Integer.parseInt(vars.get(154422584).trim());'' : Typed variable declaration : Error in method invocation: Method get( int ) not found in class'org.apache.jmeter.threads.JMeterVariables'
2023-09-05 17:54:23,140 WARN o.a.j.m.BeanShellPreProcessor: Problem in BeanShell script. org.apache.jorphan.util.JMeterException: Error invoking bsh method: eval	Sourced file: inline evaluation of: ``int i = Integer.parseInt(vars.get(154422584).trim());'' : Typed variable declaration : Error in method invocation: Method get( int ) not found in class'org.apache.jmeter.threads.JMeterVariables'
2023-09-05 17:54:38,594 INFO o.a.j.t.JMeterThread: Thread is done: TableAPI 6-1
2023-09-05 17:54:38,595 INFO o.a.j.t.JMeterThread: Thread finished: TableAPI 6-1
2023-09-05 18:06:33,207 INFO o.a.j.t.JMeterThread: Thread is done: ADO 3-1
2023-09-05 18:06:33,208 INFO o.a.j.t.JMeterThread: Thread finished: ADO 3-1
2023-09-05 18:11:33,695 INFO o.a.j.t.JMeterThread: Thread is done: Jenkins 4-1
2023-09-05 18:11:33,696 INFO o.a.j.t.JMeterThread: Thread finished: Jenkins 4-1
2023-09-05 18:11:33,697 INFO o.a.j.e.StandardJMeterEngine: Notifying test listeners of end of test
2023-09-05 18:11:33,698 INFO o.a.j.s.FileServer: Close: ADO_Commit.csv
2023-09-05 18:11:33,698 INFO o.a.j.s.FileServer: Close: ADO_pipeline_steps.csv
2023-09-05 18:11:33,698 INFO o.a.j.s.FileServer: Close: pipeline_steps.csv
2023-09-05 18:11:33,699 INFO o.a.j.s.FileServer: Close: Sonar_scanID.csv
2023-09-05 18:11:33,699 INFO o.a.j.s.FileServer: Close: GitLab_Pipeline_Numbers.csv
2023-09-05 18:11:33,699 INFO o.a.j.s.FileServer: Close: Participants.csv
2023-09-05 18:11:33,699 INFO o.a.j.s.FileServer: Close: ADO_sn_devops_pipeline.csv
2023-09-05 18:11:33,700 INFO o.a.j.g.u.JMeterMenuBar: setRunning(false, *local*)
2023-09-05 18:40:18,146 INFO o.a.j.e.StandardJMeterEngine: Running the test!
2023-09-05 18:40:18,149 INFO o.a.j.s.SampleEvent: List of sample_variables: []
2023-09-05 18:40:18,153 INFO c.b.c.RandomCSVReader: Start reading the file: /Users/rajkumar.tunuguntla/apache-jmeter-5.4/MyWorkspace/Devops-Script/WorkSpace/SN_Devops_Repository_GitlabSNC.csv
2023-09-05 18:40:18,270 INFO c.b.c.RandomCSVReader: Reading finished. Found 20160 records in your csv file
2023-09-05 18:40:18,271 INFO o.a.j.g.u.JMeterMenuBar: setRunning(true, *local*)
2023-09-05 18:40:18,433 INFO o.a.j.e.StandardJMeterEngine: Starting ThreadGroup: 1 : Jira
2023-09-05 18:40:18,434 INFO o.a.j.e.StandardJMeterEngine: Starting 1 threads for group Jira.
2023-09-05 18:40:18,434 INFO o.a.j.e.StandardJMeterEngine: Thread will start next loop on error
2023-09-05 18:40:18,434 INFO o.a.j.t.ThreadGroup: Starting thread group... number=1 threads=1 ramp-up=18 delayedStart=false
2023-09-05 18:40:18,434 INFO o.a.j.t.ThreadGroup: Started thread group number 1
2023-09-05 18:40:18,434 INFO o.a.j.e.StandardJMeterEngine: Starting ThreadGroup: 2 : BitBucket
2023-09-05 18:40:18,434 INFO o.a.j.e.StandardJMeterEngine: Starting 1 threads for group BitBucket.
2023-09-05 18:40:18,434 INFO o.a.j.e.StandardJMeterEngine: Thread will start next loop on error
2023-09-05 18:40:18,434 INFO o.a.j.t.ThreadGroup: Starting thread group... number=2 threads=1 ramp-up=18 delayedStart=false
2023-09-05 18:40:18,435 INFO o.a.j.t.JMeterThread: Thread started: Jira 1-1
2023-09-05 18:40:18,435 INFO o.a.j.t.ThreadGroup: Started thread group number 2
2023-09-05 18:40:18,435 INFO o.a.j.e.StandardJMeterEngine: All thread groups have been started
2023-09-05 18:40:18,435 INFO o.a.j.t.JMeterThread: Thread started: BitBucket 2-1
2023-09-05 18:40:18,436 INFO o.a.j.s.FileServer: Stored: Participants.csv
2023-09-05 18:41:19,657 INFO o.a.j.t.JMeterThread: Thread is done: Jira 1-1
2023-09-05 18:41:19,658 INFO o.a.j.t.JMeterThread: Thread finished: Jira 1-1
2023-09-05 18:41:19,933 ERROR o.a.j.p.h.s.HTTPJavaImpl: readResponse: java.io.IOException: Server returned HTTP response code: 401 for URL: https://devopss1.service-now.com/api/sn_devops/v2/devops/tool/event/cd3c55a01b33e110a09464a5ec4bcbd7?ni.nolog.token=yJ52I8SA2q7i04Vm9wWOAuH3pBIX4iTw
2023-09-05 18:41:19,933 ERROR o.a.j.p.h.s.HTTPJavaImpl: Cause: java.io.IOException: Server returned HTTP response code: 401 for URL: https://devopss1.service-now.com/api/sn_devops/v2/devops/tool/event/cd3c55a01b33e110a09464a5ec4bcbd7?ni.nolog.token=yJ52I8SA2q7i04Vm9wWOAuH3pBIX4iTw
2023-09-05 18:41:19,933 INFO o.a.j.p.h.s.HTTPJavaImpl: Error Response Code: 401
2023-09-05 18:41:19,935 INFO o.a.j.t.JMeterThread: Thread is done: BitBucket 2-1
2023-09-05 18:41:19,935 INFO o.a.j.t.JMeterThread: Thread finished: BitBucket 2-1
2023-09-05 18:41:19,935 INFO o.a.j.e.StandardJMeterEngine: Notifying test listeners of end of test
2023-09-05 18:41:19,936 INFO o.a.j.s.FileServer: Close: Participants.csv
2023-09-05 18:41:19,936 INFO o.a.j.g.u.JMeterMenuBar: setRunning(false, *local*)
2023-09-05 18:47:43,000 INFO o.a.j.e.StandardJMeterEngine: Running the test!
2023-09-05 18:47:43,000 INFO o.a.j.s.SampleEvent: List of sample_variables: []
2023-09-05 18:47:43,006 INFO c.b.c.RandomCSVReader: Start reading the file: /Users/rajkumar.tunuguntla/apache-jmeter-5.4/MyWorkspace/Devops-Script/WorkSpace/SN_Devops_Repository_GitlabSNC.csv
2023-09-05 18:47:43,463 INFO c.b.c.RandomCSVReader: Reading finished. Found 20160 records in your csv file
2023-09-05 18:47:43,464 INFO o.a.j.g.u.JMeterMenuBar: setRunning(true, *local*)
2023-09-05 18:47:43,523 INFO o.a.j.e.StandardJMeterEngine: Starting ThreadGroup: 1 : Jira
2023-09-05 18:47:43,523 INFO o.a.j.e.StandardJMeterEngine: Starting 1 threads for group Jira.
2023-09-05 18:47:43,523 INFO o.a.j.e.StandardJMeterEngine: Thread will start next loop on error
2023-09-05 18:47:43,523 INFO o.a.j.t.ThreadGroup: Starting thread group... number=1 threads=1 ramp-up=18 delayedStart=false
2023-09-05 18:47:43,523 INFO o.a.j.t.ThreadGroup: Started thread group number 1
2023-09-05 18:47:43,523 INFO o.a.j.e.StandardJMeterEngine: Starting ThreadGroup: 2 : BitBucket
2023-09-05 18:47:43,523 INFO o.a.j.e.StandardJMeterEngine: Starting 1 threads for group BitBucket.
2023-09-05 18:47:43,523 INFO o.a.j.e.StandardJMeterEngine: Thread will start next loop on error
2023-09-05 18:47:43,523 INFO o.a.j.t.ThreadGroup: Starting thread group... number=2 threads=1 ramp-up=18 delayedStart=false
2023-09-05 18:47:43,523 INFO o.a.j.t.JMeterThread: Thread started: Jira 1-1
2023-09-05 18:47:43,524 INFO o.a.j.t.ThreadGroup: Started thread group number 2
2023-09-05 18:47:43,524 INFO o.a.j.e.StandardJMeterEngine: All thread groups have been started
2023-09-05 18:47:43,524 INFO o.a.j.t.JMeterThread: Thread started: BitBucket 2-1
2023-09-05 18:47:43,525 INFO o.a.j.s.FileServer: Stored: Participants.csv
2023-09-05 18:48:47,218 INFO o.a.j.t.JMeterThread: Thread is done: Jira 1-1
2023-09-05 18:48:47,218 INFO o.a.j.t.JMeterThread: Thread finished: Jira 1-1
2023-09-05 18:49:13,871 ERROR o.a.j.p.h.s.HTTPJavaImpl: readResponse: java.io.IOException: Server returned HTTP response code: 401 for URL: https://devopss1.service-now.com/api/sn_devops/v2/devops/tool/event/cd3c55a01b33e110a09464a5ec4bcbd7?ni.nolog.token=yJ52I8SA2q7i04Vm9wWOAuH3pBIX4iTw
2023-09-05 18:49:13,871 ERROR o.a.j.p.h.s.HTTPJavaImpl: Cause: java.io.IOException: Server returned HTTP response code: 401 for URL: https://devopss1.service-now.com/api/sn_devops/v2/devops/tool/event/cd3c55a01b33e110a09464a5ec4bcbd7?ni.nolog.token=yJ52I8SA2q7i04Vm9wWOAuH3pBIX4iTw
2023-09-05 18:49:13,871 INFO o.a.j.p.h.s.HTTPJavaImpl: Error Response Code: 401
2023-09-05 18:49:13,873 INFO o.a.j.t.JMeterThread: Thread is done: BitBucket 2-1
2023-09-05 18:49:13,873 INFO o.a.j.t.JMeterThread: Thread finished: BitBucket 2-1
2023-09-05 18:49:13,873 INFO o.a.j.e.StandardJMeterEngine: Notifying test listeners of end of test
2023-09-05 18:49:13,874 INFO o.a.j.s.FileServer: Close: Participants.csv
2023-09-05 18:49:13,874 INFO o.a.j.g.u.JMeterMenuBar: setRunning(false, *local*)
2023-09-05 18:52:07,066 INFO o.a.j.e.StandardJMeterEngine: Running the test!
2023-09-05 18:52:07,067 INFO o.a.j.s.SampleEvent: List of sample_variables: []
2023-09-05 18:52:07,068 INFO c.b.c.RandomCSVReader: Start reading the file: /Users/rajkumar.tunuguntla/apache-jmeter-5.4/MyWorkspace/Devops-Script/WorkSpace/SN_Devops_Repository_GitlabSNC.csv
2023-09-05 18:52:07,184 INFO c.b.c.RandomCSVReader: Reading finished. Found 20160 records in your csv file
2023-09-05 18:52:07,184 INFO o.a.j.g.u.JMeterMenuBar: setRunning(true, *local*)
2023-09-05 18:52:07,270 INFO o.a.j.e.StandardJMeterEngine: Starting ThreadGroup: 1 : Jira
2023-09-05 18:52:07,271 INFO o.a.j.e.StandardJMeterEngine: Starting 1 threads for group Jira.
2023-09-05 18:52:07,271 INFO o.a.j.e.StandardJMeterEngine: Thread will start next loop on error
2023-09-05 18:52:07,271 INFO o.a.j.t.ThreadGroup: Starting thread group... number=1 threads=1 ramp-up=18 delayedStart=false
2023-09-05 18:52:07,271 INFO o.a.j.t.ThreadGroup: Started thread group number 1
2023-09-05 18:52:07,271 INFO o.a.j.e.StandardJMeterEngine: Starting ThreadGroup: 2 : BitBucket
2023-09-05 18:52:07,271 INFO o.a.j.e.StandardJMeterEngine: Starting 1 threads for group BitBucket.
2023-09-05 18:52:07,271 INFO o.a.j.e.StandardJMeterEngine: Thread will start next loop on error
2023-09-05 18:52:07,271 INFO o.a.j.t.ThreadGroup: Starting thread group... number=2 threads=1 ramp-up=18 delayedStart=false
2023-09-05 18:52:07,271 INFO o.a.j.t.JMeterThread: Thread started: Jira 1-1
2023-09-05 18:52:07,271 INFO o.a.j.t.ThreadGroup: Started thread group number 2
2023-09-05 18:52:07,272 INFO o.a.j.e.StandardJMeterEngine: All thread groups have been started
2023-09-05 18:52:07,272 INFO o.a.j.t.JMeterThread: Thread started: BitBucket 2-1
2023-09-05 18:52:07,272 INFO o.a.j.s.FileServer: Stored: Participants.csv
2023-09-05 18:53:04,501 ERROR o.a.j.p.h.s.HTTPJavaImpl: readResponse: java.io.IOException: Server returned HTTP response code: 401 for URL: https://devopss1.service-now.com/api/sn_devops/v2/devops/tool/event/cd3c55a01b33e110a09464a5ec4bcbd7?ni.nolog.token=yJ52I8SA2q7i04Vm9wWOAuH3pBIX4iTw
2023-09-05 18:53:04,503 ERROR o.a.j.p.h.s.HTTPJavaImpl: Cause: java.io.IOException: Server returned HTTP response code: 401 for URL: https://devopss1.service-now.com/api/sn_devops/v2/devops/tool/event/cd3c55a01b33e110a09464a5ec4bcbd7?ni.nolog.token=yJ52I8SA2q7i04Vm9wWOAuH3pBIX4iTw
2023-09-05 18:53:04,503 INFO o.a.j.p.h.s.HTTPJavaImpl: Error Response Code: 401
2023-09-05 18:53:04,504 INFO o.a.j.t.JMeterThread: Thread is done: BitBucket 2-1
2023-09-05 18:53:04,504 INFO o.a.j.t.JMeterThread: Thread finished: BitBucket 2-1
2023-09-05 18:53:08,014 INFO o.a.j.t.JMeterThread: Thread is done: Jira 1-1
2023-09-05 18:53:08,014 INFO o.a.j.t.JMeterThread: Thread finished: Jira 1-1
2023-09-05 18:53:08,015 INFO o.a.j.e.StandardJMeterEngine: Notifying test listeners of end of test
2023-09-05 18:53:08,015 INFO o.a.j.s.FileServer: Close: Participants.csv
2023-09-05 18:53:08,016 INFO o.a.j.g.u.JMeterMenuBar: setRunning(false, *local*)
2023-09-05 18:56:27,203 INFO o.a.j.e.StandardJMeterEngine: Running the test!
2023-09-05 18:56:27,204 INFO o.a.j.s.SampleEvent: List of sample_variables: []
2023-09-05 18:56:27,205 INFO c.b.c.RandomCSVReader: Start reading the file: /Users/rajkumar.tunuguntla/apache-jmeter-5.4/MyWorkspace/Devops-Script/WorkSpace/SN_Devops_Repository_GitlabSNC.csv
2023-09-05 18:56:27,322 INFO c.b.c.RandomCSVReader: Reading finished. Found 20160 records in your csv file
2023-09-05 18:56:27,323 INFO o.a.j.g.u.JMeterMenuBar: setRunning(true, *local*)
2023-09-05 18:56:27,403 INFO o.a.j.e.StandardJMeterEngine: Starting ThreadGroup: 1 : Jira
2023-09-05 18:56:27,404 INFO o.a.j.e.StandardJMeterEngine: Starting 1 threads for group Jira.
2023-09-05 18:56:27,404 INFO o.a.j.e.StandardJMeterEngine: Thread will start next loop on error
2023-09-05 18:56:27,404 INFO o.a.j.t.ThreadGroup: Starting thread group... number=1 threads=1 ramp-up=18 delayedStart=false
2023-09-05 18:56:27,404 INFO o.a.j.t.ThreadGroup: Started thread group number 1
2023-09-05 18:56:27,404 INFO o.a.j.e.StandardJMeterEngine: Starting ThreadGroup: 2 : BitBucket
2023-09-05 18:56:27,404 INFO o.a.j.e.StandardJMeterEngine: Starting 1 threads for group BitBucket.
2023-09-05 18:56:27,404 INFO o.a.j.e.StandardJMeterEngine: Thread will start next loop on error
2023-09-05 18:56:27,404 INFO o.a.j.t.ThreadGroup: Starting thread group... number=2 threads=1 ramp-up=18 delayedStart=false
2023-09-05 18:56:27,404 INFO o.a.j.t.JMeterThread: Thread started: Jira 1-1
2023-09-05 18:56:27,405 INFO o.a.j.t.ThreadGroup: Started thread group number 2
2023-09-05 18:56:27,405 INFO o.a.j.e.StandardJMeterEngine: All thread groups have been started
2023-09-05 18:56:27,405 INFO o.a.j.t.JMeterThread: Thread started: BitBucket 2-1
2023-09-05 18:56:27,406 INFO o.a.j.s.FileServer: Stored: Participants.csv
2023-09-05 18:57:27,515 INFO o.a.j.t.JMeterThread: Thread is done: Jira 1-1
2023-09-05 18:57:27,516 INFO o.a.j.t.JMeterThread: Thread finished: Jira 1-1
2023-09-05 18:57:42,428 ERROR o.a.j.p.h.s.HTTPJavaImpl: readResponse: java.io.IOException: Server returned HTTP response code: 401 for URL: https://devopss1.service-now.com/api/sn_devops/v2/devops/tool/event/cd3c55a01b33e110a09464a5ec4bcbd7?ni.nolog.token=yJ52I8SA2q7i04Vm9wWOAuH3pBIX4iTw
2023-09-05 18:57:42,429 ERROR o.a.j.p.h.s.HTTPJavaImpl: Cause: java.io.IOException: Server returned HTTP response code: 401 for URL: https://devopss1.service-now.com/api/sn_devops/v2/devops/tool/event/cd3c55a01b33e110a09464a5ec4bcbd7?ni.nolog.token=yJ52I8SA2q7i04Vm9wWOAuH3pBIX4iTw
2023-09-05 18:57:42,429 INFO o.a.j.p.h.s.HTTPJavaImpl: Error Response Code: 401
2023-09-05 18:57:42,430 INFO o.a.j.t.JMeterThread: Thread is done: BitBucket 2-1
2023-09-05 18:57:42,430 INFO o.a.j.t.JMeterThread: Thread finished: BitBucket 2-1
2023-09-05 18:57:42,431 INFO o.a.j.e.StandardJMeterEngine: Notifying test listeners of end of test
2023-09-05 18:57:42,431 INFO o.a.j.s.FileServer: Close: Participants.csv
2023-09-05 18:57:42,431 INFO o.a.j.g.u.JMeterMenuBar: setRunning(false, *local*)
